 Version holstein6
 7/23 -- Writes certain measurements at each sweep
 2/21/91 -- Inputs random site impurities
  
 n=           8   l=         400
  
 afeps =   0.0000000E+00
 warms=        4000   sweeps=        4000
 t=   1.00000000000000       omega=   1.00000000000000       lambdax=
  0.774596669200000       move=    1.00000000000000       dens=
  0.000000000000000E+000
 dtlan=  5.000000000000000E-004  lambda0=  0.000000000000000E+000  omega0=
   1.00000000000000     
 dtau=  5.000000000000000E-002  nwrap =           10  difflim= 
  1.000000000000000E-004  errrat=   1.000000000000000E-004
 doauto has been zeroed
  doauto=            0  orthlen=            8  eorth=   1.000000000000000E-006 
  dopair=            1  numpair=            1
  torth=            5
 errpam is    9999999827968.00     
 iran=        -147
 outname=
 n8L400w1.0lssh0.7745966692s1r47.out                                            
  
 tausk=         200
 phonskip=           2
 numtry,gsize
           7  0.000000000000000E+000
 lambda0 is   0.000000000000000E+000
 istart is           1
 initial phonon scale is   1.41421356528801     
 initial phonon scale is   1.41421356528801     
 initial bond field X  0.400000000000000     
 initial bond field Y  0.000000000000000E+000
 Using mu =   0.000000000000000E+000
 after warmups, accept holstein ratio is   0.4747475    
 after warmups, accept2 SSH ratio is   0.2667631    
 after warmups, accept2 Holstein ratio is    1.000000    
 gamma is   0.000000000000000E+000
 redo ratio is   1.3172338E-03
 Finished measurement sweep          400
asgn, asgnp:    1.000    1.000 ;accept holstein ,redo ratios:      0.4747     0.0011
 Total_meas=       16000
 nwrap, torth =          30           7
 Finished measurement sweep          800
asgn, asgnp:    1.000    1.000 ;accept holstein ,redo ratios:      0.4747     0.0008
 Total_meas=       16000
 nwrap, torth =          30           8
 Finished measurement sweep         1200
asgn, asgnp:    1.000    1.000 ;accept holstein ,redo ratios:      0.4747     0.0007
 Total_meas=       16000
 nwrap, torth =          30           8
 Finished measurement sweep         1600
asgn, asgnp:    1.000    1.000 ;accept holstein ,redo ratios:      0.4747     0.0006
 Total_meas=       16000
 nwrap, torth =          30           8
 Finished measurement sweep         2000
asgn, asgnp:    1.000    1.000 ;accept holstein ,redo ratios:      0.4747     0.0005
 Total_meas=       16000
 nwrap, torth =          30           8
 Finished measurement sweep         2400
asgn, asgnp:    1.000    1.000 ;accept holstein ,redo ratios:      0.4747     0.0004
 Total_meas=       16000
 nwrap, torth =          30           8
 Finished measurement sweep         2800
asgn, asgnp:    1.000    1.000 ;accept holstein ,redo ratios:      0.4747     0.0004
 Total_meas=       16000
 nwrap, torth =          30           8
 Finished measurement sweep         3200
asgn, asgnp:    1.000    1.000 ;accept holstein ,redo ratios:      0.4646     0.0004
 Total_meas=       16000
 nwrap, torth =          30           8
 Finished measurement sweep         3600
asgn, asgnp:    1.000    1.000 ;accept holstein ,redo ratios:      0.4747     0.0003
 Total_meas=       16000
 nwrap, torth =          30           8
 Finished measurement sweep         4000
asgn, asgnp:    1.000    1.000 ;accept holstein ,redo ratios:      0.4747     0.0003
 Total_meas=       16000
 nwrap, torth =          30           8
 At end, redo ratio is   2.9727400E-04
 Accept2 SSH=  0.2677476    
 Accept2 Hol.=   1.000000    
 Average up sign =   1.00000000000000       +-   0.000000000000000E+000
 Average total sign =   1.00000000000000       +-   0.000000000000000E+000
 Average density =   1.00000000000000       +-   0.000000000000000E+000
 Average up occupancy =  0.500000000000000       +-   0.000000000000000E+000
 Average phonon displacement  = -1.060673235759778E-003  +- 
  1.666812428371240E-003
 Average Holstein phonon displacement  =  6.939348513679331E-003  +- 
  4.918791729624919E-003
 Average phonon displacement (xx)  = -1.766624415519245E-003  +- 
  2.700246281279161E-003
 Average phonon displacement (yy)  = -3.547220560003097E-004  +- 
  2.706531771076660E-003
 Average Energy =  -1.24079497573359       +-   6.761841191301754E-003
 Average Kinetic Energy = -0.990953444470483       +-   1.157365555164610E-003
 Average Kinetic Energy(xx) = -0.645808263457236       +- 
  1.956997080616168E-003
 Average Kinetic Energy(yy) = -0.345145181013246       +- 
  1.512227311193695E-003
 Average EL-PH PE Holstein =  0.000000000000000E+000  +- 
  0.000000000000000E+000
 Average EL-PH PE (xx) =  -2.87120857569349       +-   8.610061633335487E-003
 Average EL-PH PE (yy) = -0.216764479174314       +-   2.755836828559660E-003
 Average Nup*Ndn =  0.250000000001231       +-   4.502876278055187E-013
 Average PH PE Holstein =  0.239096227984990       +-   1.968749328690603E-003
 Average Phonon PE =   1.94421496895176       +-   7.810590203611950E-003
 Average PH KE Holstein =  0.256477235895134       +-   4.355709405954856E-003
 Average Phonon KE =  0.440486367537603       +-   3.109313204835656E-002
 Average Phonon PE (xx) =   1.64205580465223       +-   7.438567484766800E-003
 Average Phonon PE (yy) =  0.302159164299541       +-   2.329816063850490E-003
 Average Phonon KE virial =  0.398343090772818       +-   3.741953626377505E-003
 Average Phonon KE virial (xx) =  0.204639059394154       +- 
  3.567172009525288E-003
 Average Phonon KE virial (yy) =  0.193704031378665       +- 
  1.278699255648870E-003
 Bondx correlation function=    75.4888731152267       +- 
  8.078408755761281E-002
 Bondy correlation function=   0.905815604881244       +- 
  2.861230481897396E-002
 AF correlation function (xx) =    1.00093075765832       +- 
  3.498603693905849E-004
 AF correlation function (zz) =    1.00093075765832       +- 
  3.498603693905849E-004
 AF correlation function (Avg) =    1.00093075765832       +- 
  3.498603693905997E-004
 CDW correlation function=    1.00093075767128       +-   3.498603670632299E-004
 AF susceptibility (xx)=   0.753384230479721       +/-   1.214940392068610E-002
 CDW susceptibility=   0.753384230479721       +/-   1.214940392068610E-002
 Ferro correlation function(xx)=   1.211877564376130E-002  +- 
  3.082517603665015E-004
 Ferro correlation function(zz)=   1.211877564376130E-002  +- 
  3.082517603665015E-004
 Green's function:
           0           0  0.500000000000000       +-   0.000000000000000E+000
           0           1 -0.123869180558810       +-   1.446706943955766E-004
           0           2  8.844770427693620E-012  +-   8.904235494696548E-012
           0           3 -2.971054818318571E-002  +-   2.104410301028966E-004
           0           4 -1.423536703769060E-012  +-   2.302576722832605E-012
           1           1  2.799686649830024E-012  +-   1.027980131723209E-011
           1           2  1.072276642244585E-002  +-   1.197561084502154E-004
           1           3 -1.282417210597870E-012  +-   1.085139985128885E-012
           1           4  1.221587719734672E-002  +-   1.877137593977133E-004
           2           2  9.922751451512869E-013  +-   1.351860179703457E-012
           2           3 -2.110337615416062E-003  +-   7.285266559101384E-005
           2           4  5.690448453970387E-014  +-   5.923610080835927E-013
           3           3  1.834310185082149E-013  +-   3.724261034430489E-013
           3           4 -2.099982085665072E-005  +-   2.551571171146589E-005
           4           4  4.136806844094324E-013  +-   5.042910295574968E-013
 SRW CODE
 density-density correlation fn: (up-up,up-dn)
   0   0        0.500000 +-     0.000000        0.250000 +-     0.000000
   0   1        0.193860 +-     0.000028        0.250000 +-     0.000000
   0   2        0.250318 +-     0.000001        0.250000 +-     0.000000
   0   3        0.247426 +-     0.000024        0.250000 +-     0.000000
   0   4        0.250050 +-     0.000001        0.250000 +-     0.000000
   1   1        0.250255 +-     0.000002        0.250000 +-     0.000000
   1   2        0.248961 +-     0.000010        0.250000 +-     0.000000
   1   3        0.250050 +-     0.000001        0.250000 +-     0.000000
   1   4        0.249454 +-     0.000006        0.250000 +-     0.000000
   2   2        0.250056 +-     0.000001        0.250000 +-     0.000000
   2   3        0.249817 +-     0.000006        0.250000 +-     0.000000
   2   4        0.250033 +-     0.000001        0.250000 +-     0.000000
   3   3        0.250024 +-     0.000001        0.250000 +-     0.000000
   3   4        0.249904 +-     0.000005        0.250000 +-     0.000000
   4   4        0.250016 +-     0.000001        0.250000 +-     0.000000
 density-density correlation function:
           0           0   1.50000000000246       +-   0.000000000000000E+000
           0           1  0.887719403503192       +-   5.615460000447138E-005
           0           2   1.00063664624779       +-   1.794208043891662E-006
           0           3  0.994851655059298       +-   4.700683851485390E-005
           0           4   1.00010092724235       +-   1.489223268455220E-006
           1           1   1.00051032922783       +-   4.582108234386618E-006
           1           2  0.997922073605221       +-   2.030267018979945E-005
           1           3   1.00009984344450       +-   2.528860495547468E-006
           1           4  0.998907316559428       +-   1.221352804193204E-005
           2           2   1.00011252399124       +-   2.434612970778577E-006
           2           3  0.999633814088576       +-   1.130259655110866E-005
           2           4   1.00006641829404       +-   1.920185044562544E-006
           3           3   1.00004720522710       +-   1.968239476667719E-006
           3           4  0.999808351737050       +-   9.286194783192262E-006
           4           4   1.00003167266242       +-   1.423319457215230E-006
 bond-bond correlation function:
           0           0   3.34736715795265       +-   6.738552010809476E-004
           0           1 -0.487411710086392       +-   2.038533512253310E-003
           0           2   1.71795606214051       +-   1.267327874273897E-003
           0           3 -0.648683872589138       +-   2.830910519399517E-003
           0           4   1.70050251945229       +-   1.713436556354533E-003
           1           1   1.72163691529472       +-   1.768172805527668E-003
           1           2 -0.639224930845281       +-   2.627397262011907E-003
           1           3   1.71536174039051       +-   1.450883861722399E-003
           1           4 -0.642019165295097       +-   2.842544193412243E-003
           2           2   1.71285853593094       +-   1.636394373890024E-003
           2           3 -0.640031970390432       +-   2.781257387095747E-003
           2           4   1.71165794704268       +-   1.432584983616904E-003
           3           3   1.71182295567664       +-   1.356757820534191E-003
           3           4 -0.640342000827390       +-   2.925420230013884E-003
           4           4   1.71181073070683       +-   1.588527963787084E-003
 bond_allx-bond_allx correlation function:
           0           0   2.20901521286938       +-   1.909826337779001E-003
           0           1 -0.790772815982014       +-   3.278538101757508E-003
           0           2   1.59085663236661       +-   2.496523681302680E-003
           0           3 -0.757470868544171       +-   3.008644570270597E-003
           0           4   1.59057772657549       +-   2.736160837833707E-003
           1           0 -0.565092064693729       +-   2.271621506055874E-003
           1           1   1.60176079620090       +-   2.518981100185383E-003
           1           2 -0.757605517480160       +-   3.122578344174340E-003
           1           3   1.59101075665008       +-   2.560787615547096E-003
           1           4 -0.757979987879895       +-   3.112499009172983E-003
           2           0   1.59324182552164       +-   2.222555304316400E-003
           2           1 -0.754278094557468       +-   2.992228600870899E-003
           2           2   1.59172785759805       +-   2.544663520258961E-003
           2           3 -0.757670598953891       +-   3.115529928749444E-003
           2           4   1.59075470628864       +-   2.426244726578790E-003
           3           0 -0.764255436394238       +-   2.957096990663649E-003
           3           1   1.59211811229186       +-   2.512716617757830E-003
           3           2 -0.756893832332328       +-   3.048807127404434E-003
           3           3   1.59120219221176       +-   2.518379375262612E-003
           3           4 -0.757461970450350       +-   3.039430483897456E-003
           4           0   1.57294779383523       +-   2.380085321265799E-003
           4           1 -0.757055464208466       +-   2.986190171882228E-003
           4           2   1.59149992905581       +-   2.527503791301350E-003
           4           3 -0.757476346455618       +-   3.111305416157265E-003
           4           4   1.59142525315819       +-   2.627632756864517E-003
 bond_ally-bond_ally correlation function:
           0           0   1.13835194508327       +-   1.257487655134536E-003
           0           1  6.218224306192374E-002  +-   8.378617809066059E-004
           0           2  0.125250740134809       +-   1.438197674489703E-003
           0           3  0.118229924111124       +-   1.157221893711369E-003
           0           4  0.117892813527335       +-   1.217594404343469E-003
           1           0  0.318859217441037       +-   1.822256059604647E-003
           1           1  0.119876119093821       +-   1.427514815647773E-003
           1           2  0.116394648678642       +-   8.762325934226103E-004
           1           3  0.121780028656987       +-   1.622449733405209E-003
           1           4  0.115183808627451       +-   9.972404134416370E-004
           2           0  0.126562926257966       +-   1.591153808805981E-003
           2           1  0.117039101668424       +-   1.015737633088170E-003
           2           2  0.121130678332886       +-   1.632019187947868E-003
           2           3  0.118647689212948       +-   5.837772111224722E-004
           2           4  0.117997036286098       +-   1.844677034175559E-003
           3           0  0.106128635649011       +-   1.419810173428800E-003
           3           1  0.125814583182100       +-   1.273166548061379E-003
           3           2  0.115852801292407       +-   9.410634410557994E-004
           3           3  0.120620763464883       +-   1.680068486755649E-003
           3           4  0.117883444700976       +-   7.656737565293678E-004
           4           0  0.119586704966531       +-   1.829256188142705E-003
           4           1  0.115813312870714       +-   9.642701928460214E-004
           4           2  0.123064222454799       +-   1.666850173675683E-003
           4           3  0.116370870550212       +-   7.790977964545466E-004
           4           4  0.120385477548638       +-   1.593950173736953E-003
 bond_xy-bond_xy correlation function:
           0           0  0.136446822687514       +-   5.057773406132741E-003
           0           1  0.229232679147520       +-   6.611675378810692E-003
           0           2  0.188033162544845       +-   7.342835948352447E-003
           0           3  0.261541360058676       +-   8.009164764122643E-003
           0           4  0.184574818638769       +-   7.391319160414098E-003
           1           0  0.225091679379691       +-   7.418668651768188E-003
           1           1  0.168652738797477       +-   7.138051689343204E-003
           1           2  0.263497780901369       +-   7.733919931699020E-003
           1           3  0.183177956395473       +-   7.229808327042651E-003
           1           4  0.263671839841260       +-   7.742621078495059E-003
           2           0  0.174268103525953       +-   8.129125099684867E-003
           2           1  0.260417636522975       +-   8.081887081921039E-003
           2           2  0.183138381876034       +-   7.267341134740216E-003
           2           3  0.262578812397893       +-   7.719309605153584E-003
           2           4  0.184116560054908       +-   7.224694765724089E-003
           3           0  0.263710248537074       +-   7.749262866783378E-003
           3           1  0.183936567526935       +-   7.356558065303932E-003
           3           2  0.261634980725049       +-   7.802140882315346E-003
           3           3  0.184367700506066       +-   7.322229088732279E-003
           3           4  0.261666274089665       +-   7.861146457379287E-003
           4           0  0.186706064520608       +-   7.649338214051576E-003
           4           1  0.264087250298212       +-   7.866443485394040E-003
           4           2  0.182993184681038       +-   7.246536656333011E-003
           4           3  0.262457193679336       +-   7.709134305526675E-003
           4           4  0.183765375508161       +-   7.179520158474944E-003
 bond0_xx-bond0_xx correlation function:
           0           0   1.67685219622757       +-   4.757186536842174E-003
           0           1 -0.861639794848526       +-   1.630906403566696E-002
           0           2   3.24635295778281       +-   1.038254841450811E-002
           0           3 -0.871815902530182       +-   1.925069625782265E-002
           0           4   3.23882743852925       +-   8.878409997010129E-003
           0           5 -0.785524256265477       +-   1.594621938771313E-002
           0           6   3.20401633616549       +-   9.382164357817311E-003
           0           7 -0.854288464117315       +-   1.165447740520188E-002
           1           0 -0.403977545511258       +-   7.869190020504948E-003
           1           1   3.33066052003016       +-   7.351351221419025E-003
           1           2 -0.861769342031966       +-   2.326377934895208E-002
           1           3   3.24503819695459       +-   7.197091023720112E-003
           1           4 -0.856848102365571       +-   1.648624017172159E-002
           1           5   3.25941328809306       +-   8.924655603669332E-003
           1           6 -0.796809843492283       +-   1.849942455656238E-002
           1           7   3.26943112700030       +-   1.136076771749566E-002
           2           0   3.37137070022510       +-   1.131059328668249E-002
           2           1 -0.830591754408083       +-   1.594895330744880E-002
           2           2   3.26340441999225       +-   1.062699496254003E-002
           2           3 -0.870969555301005       +-   1.594130085300638E-002
           2           4   3.24816475174342       +-   7.732601503031809E-003
           2           5 -0.881592135976784       +-   1.740406441620650E-002
           2           6   3.25128711519819       +-   1.184584908776239E-002
           2           7 -0.844864948709201       +-   1.056623676693137E-002
           3           0 -0.866341559252074       +-   1.499561943249148E-002
           3           1   3.28427792390372       +-   1.184312406502304E-002
           3           2 -0.807444293288855       +-   1.791037742622594E-002
           3           3   3.20305982549894       +-   9.903385653613582E-003
           3           4 -0.875666204992273       +-   1.370741933779571E-002
           3           5   3.23045217931851       +-   8.243345148501393E-003
           3           6 -0.853842573019139       +-   1.343529487007022E-002
           3           7   3.27241521937186       +-   6.435934828059855E-003
           4           0   3.28425480917252       +-   8.571574969109551E-003
           4           1 -0.832515624909551       +-   1.466555685353505E-002
           4           2   3.24832693644296       +-   1.085271713622156E-002
           4           3 -0.870964120713023       +-   2.277302315565819E-002
           4           4   3.22917555703956       +-   1.139981248518180E-002
           4           5 -0.871510065047622       +-   2.516258969036453E-002
           4           6   3.27212964309025       +-   1.427130653522103E-002
           4           7 -0.815681632922918       +-   1.171348787047959E-002
           5           0 -0.898586188965566       +-   1.197328471038997E-002
           5           1   3.26370800901479       +-   1.783811722113825E-002
           5           2 -0.822149458283743       +-   1.731115100022547E-002
           5           3   3.24740630331716       +-   1.182895597756207E-002
           5           4 -0.844698657644522       +-   1.920328950865921E-002
           5           5   3.22599884447613       +-   1.729467191743825E-002
           5           6 -0.856587536036012       +-   1.610036172433719E-002
           5           7   3.28845896133853       +-   1.489652862763084E-002
           6           0   3.35555468291273       +-   7.689996991737169E-003
           6           1 -0.799368825315236       +-   1.691371555773497E-002
           6           2   3.21888183984568       +-   1.398136091410910E-002
           6           3 -0.804637804896342       +-   1.993369840260941E-002
           6           4   3.18660018600568       +-   1.308131525767151E-002
           6           5 -0.855774910821471       +-   1.641321439848504E-002
           6           6   3.24490482064049       +-   1.126634687611983E-002
           6           7 -0.823035066670781       +-   1.084943790050484E-002
           7           0 -0.418883021680748       +-   1.003654452950923E-002
           7           1   3.30995724637653       +-   1.336540575285627E-002
           7           2 -0.852309593512574       +-   1.576738851166105E-002
           7           3   3.21179336401300       +-   1.058808064247183E-002
           7           4 -0.849590790612567       +-   2.664024530897621E-002
           7           5   3.24207340550170       +-   9.456671572236595E-003
           7           6 -0.884338647007251       +-   1.741752572057878E-002
           7           7   3.30262080224316       +-   7.429260945592028E-003
 bond0_xy-bond0_xy correlation function:
           0           0  0.301490452425821       +-   1.138684855296968E-002
           0           1  0.785878870861078       +-   3.506885911316734E-002
           0           2  0.572138182764155       +-   4.789772437097470E-002
           0           3  0.771203343609722       +-   4.665492671648417E-002
           0           4  0.586551836126437       +-   4.162759137914376E-002
           0           5  0.742373104971418       +-   3.434873377326613E-002
           0           6  0.725478453897268       +-   3.211448263841375E-002
           0           7  0.272787634400381       +-   1.637550084654260E-002
           1           0  0.319339147882283       +-   9.082117757596620E-003
           1           1  0.689130470868979       +-   3.126816933224807E-002
           1           2  0.699272362779420       +-   3.409493829254642E-002
           1           3  0.614498124614637       +-   2.898003239746174E-002
           1           4  0.770574082004874       +-   2.390097562940794E-002
           1           5  0.504844936672901       +-   3.076488379412146E-002
           1           6  0.855677879906856       +-   2.367929315729983E-002
           1           7  0.248310102799414       +-   1.377364463972768E-002
           2           0  0.558264871284042       +-   2.279679515273791E-002
           2           1  0.695119212324515       +-   1.122716154917341E-002
           2           2  0.645842460065793       +-   2.777844374558148E-002
           2           3  0.730364838039135       +-   3.679427646355585E-002
           2           4  0.612581966876612       +-   3.934638426946426E-002
           2           5  0.699409468724593       +-   3.668250017757994E-002
           2           6  0.680531760060031       +-   3.138057905438674E-002
           2           7  0.632573594685261       +-   3.318006409591612E-002
           3           0  0.720018467938629       +-   3.448150493589967E-002
           3           1  0.544513063812932       +-   3.103096356234747E-002
           3           2  0.823796128607504       +-   3.942707418761802E-002
           3           3  0.536353139973741       +-   2.505166766202670E-002
           3           4  0.820903208548382       +-   2.038643278605115E-002
           3           5  0.537978921347778       +-   2.604407726183286E-002
           3           6  0.784157351135419       +-   1.923053208805919E-002
           3           7  0.556763102541953       +-   3.003795246634216E-002
           4           0  0.624863382113354       +-   1.840955259622263E-002
           4           1  0.688547346199683       +-   2.530643473858689E-002
           4           2  0.629221766871852       +-   3.213748274725652E-002
           4           3  0.749772083535726       +-   3.553376141769762E-002
           4           4  0.626449702145910       +-   2.931162483041150E-002
           4           5  0.730335416622861       +-   3.360257043164071E-002
           4           6  0.604701825433836       +-   1.704694127767303E-002
           4           7  0.656839926595176       +-   2.297496024948814E-002
           5           0  0.712242512028490       +-   3.115400562954269E-002
           5           1  0.610098641859293       +-   3.603257742015203E-002
           5           2  0.745206102326629       +-   3.278612483467998E-002
           5           3  0.596259293851158       +-   4.635331233835718E-002
           5           4  0.782487069201126       +-   3.617038166635016E-002
           5           5  0.591527875070555       +-   3.288718351182903E-002
           5           6  0.704009316524833       +-   4.101551941972877E-002
           5           7  0.591994209146253       +-   3.667771107172185E-002
           6           0  0.620991254092174       +-   3.646274843181934E-002
           6           1  0.754867098744948       +-   4.097561677689861E-002
           6           2  0.532780731513225       +-   4.850695655136732E-002
           6           3  0.798892779013911       +-   5.045153854329317E-002
           6           4  0.600793501684816       +-   3.610752095117067E-002
           6           5  0.735430783961767       +-   3.589614855773977E-002
           6           6  0.601404624912526       +-   3.892812018116843E-002
           6           7  0.673086082996209       +-   3.685874675821366E-002
           7           0  0.613638839794400       +-   3.509687624130736E-002
           7           1  0.626059026166588       +-   3.181641676387277E-002
           7           2  0.783964009510686       +-   3.890303770558198E-002
           7           3  0.537844242377397       +-   3.363686542843552E-002
           7           4  0.819212423078702       +-   1.928195228082642E-002
           7           5  0.569047620297501       +-   1.999907197950682E-002
           7           6  0.730889905248507       +-   2.582015968041034E-002
           7           7  0.577954237948753       +-   3.247862700822625E-002
bonds x:
           0           0 -0.944442671579796       +-   8.470302162700478E-004
           0           1  0.224062766493055       +-   3.985104761345342E-003
           0           2 -0.859677014946168       +-   2.398865756398688E-003
           0           3  0.230958251271704       +-   5.018185433230017E-003
           0           4 -0.857389228422086       +-   1.956533187292299E-003
           0           5  0.208316394348007       +-   4.298270965550050E-003
           0           6 -0.848369003256935       +-   2.609397278767168E-003
           0           7  0.223199404319793       +-   2.971573548196045E-003
           1           0  0.142531751263842       +-   2.775639426302158E-003
           1           1 -0.878791342353472       +-   2.174381972436571E-003
           1           2  0.228023666032411       +-   6.172936990505309E-003
           1           3 -0.859013941312692       +-   1.245758062793227E-003
           1           4  0.226818410061207       +-   4.454907368871690E-003
           1           5 -0.862752554089740       +-   2.247278805061373E-003
           1           6  0.211015857305729       +-   4.963300773227461E-003
           1           7 -0.863163219089912       +-   2.882613640180604E-003
           2           0 -0.886484491495340       +-   2.640765154793643E-003
           2           1  0.219990920949002       +-   4.232944174247704E-003
           2           2 -0.863788220572586       +-   2.556421656967351E-003
           2           3  0.230298242554317       +-   4.094808770955686E-003
           2           4 -0.859826699699542       +-   1.659343525722034E-003
           2           5  0.233142517668358       +-   4.687132805251838E-003
           2           6 -0.860522212625070       +-   2.797946267580297E-003
           2           7  0.223514256887933       +-   2.651403011658580E-003
           3           0  0.228281264737309       +-   4.018114212610111E-003
           3           1 -0.869297619810739       +-   2.576312162417192E-003
           3           2  0.213620308100288       +-   4.748889940902821E-003
           3           3 -0.847803201877017       +-   2.032897037971949E-003
           3           4  0.231917256431477       +-   3.550194273562703E-003
           3           5 -0.855247107723369       +-   2.040491225906957E-003
           3           6  0.226141825973062       +-   3.654794670846302E-003
           3           7 -0.866229022725552       +-   1.780275165269712E-003
           4           0 -0.869601239620803       +-   2.020140265417291E-003
           4           1  0.220032680361284       +-   4.098372701500728E-003
           4           2 -0.859803768913452       +-   2.668739437475672E-003
           4           3  0.230765414873773       +-   6.128962876642653E-003
           4           4 -0.854809659604989       +-   2.419792348520609E-003
           4           5  0.230585682102994       +-   6.644733020021270E-003
           4           6 -0.866070098411790       +-   3.450732940369185E-003
           4           7  0.215958645985096       +-   3.121810007155665E-003
           5           0  0.236646584004007       +-   3.305429873245882E-003
           5           1 -0.863893538258690       +-   4.065567660245952E-003
           5           2  0.218073994702371       +-   4.628563907782550E-003
           5           3 -0.859570455633506       +-   2.870548669112255E-003
           5           4  0.223580426223109       +-   5.166643189653100E-003
           5           5 -0.853980554612174       +-   4.746956176580593E-003
           5           6  0.226617359559754       +-   4.282339033487658E-003
           5           7 -0.870308360272830       +-   3.506535609957189E-003
           6           0 -0.882121271458964       +-   1.795820472312337E-003
           6           1  0.211863102042752       +-   4.505419226725622E-003
           6           2 -0.852007073579897       +-   3.476761996451725E-003
           6           3  0.212936604777102       +-   5.194484178061776E-003
           6           4 -0.843655567161792       +-   3.293928973925539E-003
           6           5  0.226508096523506       +-   4.279216225133698E-003
           6           6 -0.858948546717669       +-   2.789183455736338E-003
           6           7  0.218101516141752       +-   3.005237166936479E-003
           7           0  0.148228513816259       +-   3.548644920239040E-003
           7           1 -0.873692115021407       +-   3.199531267537578E-003
           7           2  0.225490845375377       +-   4.273195301288582E-003
           7           3 -0.850189617770531       +-   2.936882330156410E-003
           7           4  0.224622432125697       +-   7.093341238423493E-003
           7           5 -0.858110160618720       +-   2.050519109870704E-003
           7           6  0.234031724596779       +-   4.475012663471564E-003
           7           7 -0.872181569003409       +-   1.707279815311097E-003
bonds y:
           0           0 -0.111768131196421       +-   4.161899871755600E-003
           0           1 -0.206773725910231       +-   9.312090957893079E-003
           0           2 -0.151476103853060       +-   1.267496843818391E-002
           0           3 -0.204027478089606       +-   1.247067952742056E-002
           0           4 -0.155393449833403       +-   1.103201002813300E-002
           0           5 -0.196622364419777       +-   9.201752999659458E-003
           0           6 -0.190975081957956       +-   8.463945680846996E-003
           0           7 -0.101282645906634       +-   6.122605805649775E-003
           1           0 -0.118928170246669       +-   3.383987017710272E-003
           1           1 -0.181267504370185       +-   8.148694123756539E-003
           1           2 -0.184557089187870       +-   9.102299904174509E-003
           1           3 -0.162661073304368       +-   7.546417759180875E-003
           1           4 -0.204087254297375       +-   6.444376583892154E-003
           1           5 -0.134022315084591       +-   8.152453583400252E-003
           1           6 -0.225188801663515       +-   6.341772101627424E-003
           1           7 -9.249617002244802E-002  +-   5.202232277873769E-003
           2           0 -0.148741771295987       +-   6.088987120522324E-003
           2           1 -0.184295016260782       +-   2.919051082130929E-003
           2           2 -0.170888491701415       +-   7.400042527751338E-003
           2           3 -0.193598444449165       +-   9.745703821267136E-003
           2           4 -0.161892879531953       +-   1.033075718617739E-002
           2           5 -0.185274046383927       +-   9.667046366569988E-003
           2           6 -0.180276639196236       +-   8.294878355023995E-003
           2           7 -0.168898532353676       +-   8.938573245742086E-003
           3           0 -0.190736465133558       +-   9.206457772182220E-003
           3           1 -0.143941779188738       +-   8.204012255062593E-003
           3           2 -0.218246256155043       +-   1.042926911365593E-002
           3           3 -0.142147562100405       +-   6.576379120125834E-003
           3           4 -0.217017781235254       +-   5.423133483287975E-003
           3           5 -0.142699864035817       +-   6.793161014082363E-003
           3           6 -0.207328479820818       +-   5.244856787650885E-003
           3           7 -0.147267990340011       +-   7.937474779028312E-003
           4           0 -0.164960407102564       +-   4.894502650666790E-003
           4           1 -0.182473921264283       +-   6.788590224481295E-003
           4           2 -0.166380229173516       +-   8.348849699791192E-003
           4           3 -0.198865936058664       +-   9.347460702280160E-003
           4           4 -0.165234317852049       +-   7.746580203025244E-003
           4           5 -0.193355076987227       +-   8.947138455848344E-003
           4           6 -0.160325126776816       +-   4.478565069272016E-003
           4           7 -0.173610897926125       +-   5.971735196509583E-003
           5           0 -0.188197663080940       +-   8.315871956330927E-003
           5           1 -0.161480341447849       +-   9.597308465620574E-003
           5           2 -0.197449975622091       +-   8.657357009420370E-003
           5           3 -0.157676607726086       +-   1.232876126579697E-002
           5           4 -0.207008371222250       +-   9.621191242614256E-003
           5           5 -0.156588157469767       +-   8.626293822762979E-003
           5           6 -0.186629888049521       +-   1.090007915943977E-002
           5           7 -0.156326851759064       +-   9.623133731940925E-003
           6           0 -0.164115080813612       +-   9.543451219564070E-003
           6           1 -0.199886227140438       +-   1.092363486421980E-002
           6           2 -0.141259810282681       +-   1.275757011713925E-002
           6           3 -0.211439929962981       +-   1.337344595563658E-002
           6           4 -0.158720516607596       +-   9.429667575630430E-003
           6           5 -0.195088868800449       +-   9.450035187571327E-003
           6           6 -0.158801047346381       +-   1.025578315309868E-002
           6           7 -0.178688859591102       +-   9.844199414530597E-003
           7           0 -0.164467390955061       +-   9.072303747940061E-003
           7           1 -0.165565843969084       +-   8.533932817613119E-003
           7           2 -0.207529608564775       +-   1.020156347210497E-002
           7           3 -0.142361425089550       +-   8.915676047735252E-003
           7           4 -0.216701923333891       +-   5.078063911821315E-003
           7           5 -0.150822537191679       +-   5.234248365186701E-003
           7           6 -0.193392242755531       +-   6.850033208592826E-003
           7           7 -0.154461351973352       +-   8.452324615182421E-003
 Bondx(q): 
           0           0   27.6470289502019       +-   0.157368886035319     
           0           1  0.973214803367056       +-   3.692825368483589E-003
           0           2  0.968753559469619       +-   3.234624392106712E-003
           0           3  0.981032620881302       +-   3.201093249976804E-003
           0           4  0.984985620217492       +-   3.231791383862750E-003
           1           0  0.872156447259636       +-   1.201872046458901E-003
           1           1  0.891284047865327       +-   1.459025276467056E-003
           1           2  0.919446401893831       +-   1.568718778384473E-003
           1           3  0.947330129284909       +-   2.761404889221127E-003
           1           4  0.953538559268222       +-   1.832955375356933E-003
           2           0  0.516019038052202       +-   1.285328966169276E-003
           2           1  0.538889540042168       +-   9.651341389957235E-004
           2           2  0.598171271116092       +-   1.040027671496647E-003
           2           3  0.651082125007175       +-   1.606030143739287E-003
           2           4  0.671529234449799       +-   8.840594113367685E-004
           3           0  0.260863798366699       +-   1.189809088431912E-003
           3           1  0.287163346027247       +-   8.464858920292674E-004
           3           2  0.353566622269181       +-   1.249426149012923E-003
           3           3  0.421882375041139       +-   1.584570910227555E-003
           3           4  0.449169308712326       +-   1.747201252439785E-003
           4           0  0.133446727538331       +-   7.100605437096989E-004
           4           1  0.162843292640542       +-   7.808403673211279E-004
           4           2  0.231914360821070       +-   1.297769999688884E-003
           4           3  0.302641102247938       +-   1.395733556086512E-003
           4           4   75.4888731152166       +-   8.078408755761045E-002
 Bondy(q): 
           0           0   8.93189535975041       +-   6.990668331037959E-002
           0           1   1.34533713744240       +-   3.292798872740634E-003
           0           2   1.39130479396642       +-   5.526011448297692E-003
           0           3   1.49592982582476       +-   1.012593572141357E-002
           0           4   1.49128367514130       +-   9.678264568480080E-003
           1           0   1.20214537070082       +-   9.664986812272392E-004
           1           1   1.23325191004509       +-   1.083323690820192E-003
           1           2   1.30739557889428       +-   1.906630086900064E-003
           1           3   1.41859258538427       +-   5.038586995042196E-003
           1           4   1.43626846476074       +-   1.351505697521758E-002
           2           0  0.901649984266085       +-   9.312295930886918E-004
           2           1  0.927026503704639       +-   5.826596735470535E-004
           2           2  0.994989843171913       +-   1.443699725568964E-003
           2           3   1.07803074105321       +-   5.460472038586077E-003
           2           4   1.13675874160236       +-   7.912330261034582E-003
           3           0  0.632058163553357       +-   1.971114645690283E-003
           3           1  0.652314191587992       +-   1.717233098076209E-003
           3           2  0.716403547412682       +-   2.077163748660220E-003
           3           3  0.780873034631837       +-   2.604056201051706E-003
           3           4  0.812110883915529       +-   3.571156603618921E-003
           4           0  0.536963379125928       +-   2.832939926119918E-003
           4           1  0.559043993849064       +-   2.238210211818859E-003
           4           2  0.617063795078765       +-   2.443761093308895E-003
           4           3  0.746857849368394       +-   8.228751166809409E-003
           4           4  0.905815604881253       +-   2.861230481897086E-002
 Bond(q): 
           0           0   36.5789243099523       +-   0.107762639982082     
           0           1   2.19642687938493       +-   3.375633255292218E-003
           0           2   1.88886368787716       +-   3.009526220389822E-003
           0           3   1.68494220431305       +-   5.175378112883574E-003
           0           4   1.57333970101155       +-   4.785675913470982E-003
           1           1   2.12453595791041       +-   2.005642432901683E-003
           1           2   1.84637901226745       +-   8.487830653281279E-004
           1           3   1.65270012614222       +-   2.923407984249247E-003
           1           4   1.55584715525928       +-   6.951380805238531E-003
           2           2   1.59316111428798       +-   2.106626732784754E-003
           2           3   1.39954151787112       +-   3.025284521066275E-003
           2           4   1.32863306597599       +-   4.314116667100027E-003
           3           3   1.20275540967298       +-   3.726123300302316E-003
           3           4   1.15538957212208       +-   6.062508941873604E-003
           4           4   76.3946887200978       +-   8.311782127850768E-002
 Scdw(q): 
           0           0   64.0121187756438       +-   3.082517603660377E-004
           0           1  0.112507480913566       +-   2.488400075789258E-004
           0           2  0.272134702893099       +-   2.933657408908951E-004
           0           3  0.425134161023637       +-   1.738273552123263E-004
           0           4  0.500466995906944       +-   3.123613368578559E-005
           1           1  0.200078238274687       +-   8.270604343940620E-005
           1           2  0.350887226549741       +-   5.776034844200967E-005
           1           3  0.499114082054606       +-   5.532000031144314E-006
           1           4  0.574464407030054       +-   1.721159818258252E-004
           2           2  0.497871308464347       +-   5.970968599563523E-006
           2           3  0.646768417697540       +-   5.747766627899658E-005
           2           4  0.727433497654219       +-   2.816612790488428E-004
           3           3  0.801012702526853       +-   9.332448482327531E-005
           3           4  0.892331552552256       +-   2.445760500842517E-004
           4           4   1.00093075767123       +-   3.498603670695269E-004
 Sxx(q): 
           0           0  1.211877564376414E-002  +-   3.082517603666306E-004
           0           1  0.112505792454958       +-   2.488400075224266E-004
           0           2  0.272133304126605       +-   2.933657406076681E-004
           0           3  0.425133291938255       +-   1.738273546334976E-004
           0           4  0.500466995900433       +-   3.123613368646569E-005
           1           1  0.200078238273639       +-   8.270604365366408E-005
           1           2  0.350887226547312       +-   5.776034861708650E-005
           1           3  0.499114082049866       +-   5.532000626756520E-006
           1           4  0.574464407023742       +-   1.721159827417485E-004
           2           2  0.497871308460444       +-   5.970968678844333E-006
           2           3  0.646768417691169       +-   5.747766585493327E-005
           2           4  0.727433497646146       +-   2.816612803263038E-004
           3           3  0.801012702517759       +-   9.332448287408547E-005
           3           4  0.892331552541284       +-   2.445760514353669E-004
           4           4   1.00093075765827       +-   3.498603693905704E-004
 xx Spin correlation function:
           0           0  0.499999999997538       +-   9.005841263515697E-013
           0           1 -0.112280596495300       +-   5.615460017583648E-005
           0           2  6.366462475117865E-004  +-   1.794208087340733E-006
           0           3 -5.148344940621422E-003  +-   4.700683853046315E-005
           0           4  1.009272423340587E-004  +-   1.489223273023331E-006
           1           1  5.103292277312173E-004  +-   4.582108236674964E-006
           1           2 -2.077926394765290E-003  +-   2.030267018928236E-005
           1           3  9.984344449379171E-005  +-   2.528860496572017E-006
           1           4 -1.092683440570824E-003  +-   1.221352804264637E-005
           2           2  1.125239912330800E-004  +-   2.434612970856956E-006
           2           3 -3.661859114235087E-004  +-   1.130259655070500E-005
           2           4  6.641829403565365E-005  +-   1.920185044039948E-006
           3           3  4.720522710450963E-005  +-   1.968239476829953E-006
           3           4 -1.916482629496389E-004  +-   9.286194783169609E-006
           4           4  3.167266242039809E-005  +-   1.423319457606788E-006
 RMS AF correlation function (xx) =    1.00093459525199       +- 
  3.500740448129698E-004
  
 <nk>:
    0    0        0.9957        0.0008
    0    1        0.9807        0.0010
    0    2        0.9533        0.0031
    0    3        0.9283        0.0100
    0    4        0.7161        0.0132
    1    1        0.7963        0.0036
    1    2        0.6696        0.0028
    1    3        0.5008        0.0010
    1    4        0.4270        0.0017
    2    2        0.5000        0.0000
    2    3        0.3761        0.0022
    2    4        0.3273        0.0029
    3    3        0.2037        0.0036
    3    4        0.1647        0.0035
    4    4        0.0043        0.0008
 chiafxx(q):
           0           0  0.238931016809336       +-   4.605146713577554E-004
           0           1  7.858786706213397E-002  +-   3.174509413368797E-004
           0           2  4.648294795037156E-002  +-   3.936815159483262E-004
           0           3  4.630935507745602E-002  +-   4.679496957520248E-004
           0           4  4.647525643493850E-002  +-   4.981761852300552E-004
           1           1  9.368052566899432E-002  +-   2.162704218842727E-004
           1           2  9.155754769399002E-002  +-   2.234576459219599E-004
           1           3  8.948950581175713E-002  +-   2.873021113161832E-004
           1           4  8.873917003778672E-002  +-   3.239305468735497E-004
           2           2  0.159569310423745       +-   4.265352169142572E-004
           2           3  0.159255327535207       +-   4.316643144019366E-004
           2           4  0.159029083076813       +-   4.382849026506654E-004
           3           3  0.253538684044548       +-   6.666703745090073E-004
           3           4  0.255199352766169       +-   6.826959754501769E-004
           4           4  0.753344521705323       +-   1.125998355286800E-003
 s-wave: (corr. fn, no vertex)
         (suscept., no vertex)
     0.49966 +-      0.00016        0.32375 +-      0.00076   
     0.35016 +-      0.00609        0.24365 +-      0.00420   
 Peff=  0.106514890661291     
 GmP=  -1.24845620678665     
 P0GP= -0.304185527922016     
 s*-wave: (suscept., no vertex)
     0.27655 +-      0.00213        0.38377 +-      0.00106   
     0.07974 +-      0.00094        0.09945 +-      0.00088   
 Peff= -1.971661134256557E-002
 GmP=   2.48622760866192     
 P0GP=  0.247267086265750     
 dx2y2-wave: (suscept., no vertex)
     0.15963 +-      0.00211        0.30992 +-      0.00172   
     0.65236 +-      0.01722        0.68719 +-      0.01411   
 Peff= -3.483426110543586E-002
 GmP=  7.770320205927184E-002
 P0GP=  5.339724475426966E-002
 dxy-wave: (suscept., no vertex)
     0.46246 +-      0.00063        0.36440 +-      0.00131   
     0.71876 +-      0.01385        0.65808 +-      0.01310   
 Peff=  6.067865347284229E-002
 GmP= -0.128284961184653     
 P0GP= -8.442160581092473E-002
 saf with no vertex is   0.632915049212420     
 Time:    11558.5212320000     
